com.example.demo.DemoApplication-[INFO]- 2024-07-03 23:38:03,459-Starting DemoApplication using Java 17.0.11 with PID 25444 (C:\Users\chtan\Downloads\Clinic-management-system\patient-service\target\classes started by chtan in C:\Users\chtan\Downloads\Clinic-management-system\patient-service)-
com.example.demo.DemoApplication-[INFO]- 2024-07-03 23:38:03,469-No active profile set, falling back to 1 default profile: "default"-
org.springframework.boot.devtools.env.DevToolsPropertyDefaultsPostProcessor-[INFO]- 2024-07-03 23:38:03,616-Devtools property defaults active! Set 'spring.devtools.add-properties' to 'false' to disable-
org.springframework.boot.devtools.env.DevToolsPropertyDefaultsPostProcessor-[INFO]- 2024-07-03 23:38:03,616-For additional web related logging consider setting the 'logging.level.web' property to 'DEBUG'-
org.springframework.data.repository.config.RepositoryConfigurationDelegate-[INFO]- 2024-07-03 23:38:04,519-Bootstrapping Spring Data JPA repositories in DEFAULT mode.-
org.springframework.data.repository.config.RepositoryConfigurationDelegate-[INFO]- 2024-07-03 23:38:04,578-Finished Spring Data repository scanning in 53 ms. Found 1 JPA repository interface.-
org.springframework.cloud.context.scope.GenericScope-[INFO]- 2024-07-03 23:38:04,823-BeanFactory id=3002da11-f627-3d89-b7ed-94aea73f4d50-
org.springframework.boot.web.embedded.tomcat.TomcatWebServer-[INFO]- 2024-07-03 23:38:05,826-Tomcat initialized with port 6200 (http)-
org.apache.catalina.core.StandardService-[INFO]- 2024-07-03 23:38:05,840-Starting service [Tomcat]-
org.apache.catalina.core.StandardEngine-[INFO]- 2024-07-03 23:38:05,840-Starting Servlet engine: [Apache Tomcat/10.1.25]-
org.apache.catalina.core.ContainerBase.[Tomcat].[localhost].[/]-[INFO]- 2024-07-03 23:38:05,907-Initializing Spring embedded WebApplicationContext-
org.springframework.boot.web.servlet.context.ServletWebServerApplicationContext-[INFO]- 2024-07-03 23:38:05,908-Root WebApplicationContext: initialization completed in 2291 ms-
org.hibernate.jpa.internal.util.LogHelper-[INFO]- 2024-07-03 23:38:06,312-HHH000204: Processing PersistenceUnitInfo [name: default]-
org.hibernate.Version-[INFO]- 2024-07-03 23:38:06,386-HHH000412: Hibernate ORM core version 6.5.2.Final-
org.hibernate.cache.internal.RegionFactoryInitiator-[INFO]- 2024-07-03 23:38:06,430-HHH000026: Second-level cache disabled-
org.springframework.orm.jpa.persistenceunit.SpringPersistenceUnitInfo-[INFO]- 2024-07-03 23:38:06,718-No LoadTimeWeaver setup: ignoring JPA class transformer-
com.zaxxer.hikari.HikariDataSource-[INFO]- 2024-07-03 23:38:06,750-HikariPool-1 - Starting...-
com.zaxxer.hikari.pool.HikariPool-[INFO]- 2024-07-03 23:38:07,025-HikariPool-1 - Added connection com.mysql.cj.jdbc.ConnectionImpl@10194b24-
com.zaxxer.hikari.HikariDataSource-[INFO]- 2024-07-03 23:38:07,029-HikariPool-1 - Start completed.-
org.hibernate.engine.transaction.jta.platform.internal.JtaPlatformInitiator-[INFO]- 2024-07-03 23:38:07,882-HHH000489: No JTA platform available (set 'hibernate.transaction.jta.platform' to enable JTA platform integration)-
org.hibernate.tool.schema.internal.ExceptionHandlerLoggedImpl-[WARN]- 2024-07-03 23:38:07,937-GenerationTarget encountered exception accepting command : Error executing DDL "alter table patient modify column doc_id integer not null" via JDBC [Referencing column 'doc_id' and referenced column 'id' in foreign key constraint 'FKcsxkcj2mvv8ddtcwhvsreoeun' are incompatible.]-
org.hibernate.tool.schema.spi.CommandAcceptanceException: Error executing DDL "alter table patient modify column doc_id integer not null" via JDBC [Referencing column 'doc_id' and referenced column 'id' in foreign key constraint 'FKcsxkcj2mvv8ddtcwhvsreoeun' are incompatible.]
	at org.hibernate.tool.schema.internal.exec.GenerationTargetToDatabase.accept(GenerationTargetToDatabase.java:94)
	at org.hibernate.tool.schema.internal.AbstractSchemaMigrator.applySqlString(AbstractSchemaMigrator.java:575)
	at org.hibernate.tool.schema.internal.AbstractSchemaMigrator.applySqlStrings(AbstractSchemaMigrator.java:515)
	at org.hibernate.tool.schema.internal.AbstractSchemaMigrator.migrateTable(AbstractSchemaMigrator.java:333)
	at org.hibernate.tool.schema.internal.GroupedSchemaMigratorImpl.performTablesMigration(GroupedSchemaMigratorImpl.java:84)
	at org.hibernate.tool.schema.internal.AbstractSchemaMigrator.performMigration(AbstractSchemaMigrator.java:232)
	at org.hibernate.tool.schema.internal.AbstractSchemaMigrator.doMigration(AbstractSchemaMigrator.java:117)
	at org.hibernate.tool.schema.spi.SchemaManagementToolCoordinator.performDatabaseAction(SchemaManagementToolCoordinator.java:280)
	at org.hibernate.tool.schema.spi.SchemaManagementToolCoordinator.lambda$process$5(SchemaManagementToolCoordinator.java:144)
	at java.base/java.util.HashMap.forEach(HashMap.java:1421)
	at org.hibernate.tool.schema.spi.SchemaManagementToolCoordinator.process(SchemaManagementToolCoordinator.java:141)
	at org.hibernate.boot.internal.SessionFactoryObserverForSchemaExport.sessionFactoryCreated(SessionFactoryObserverForSchemaExport.java:37)
	at org.hibernate.internal.SessionFactoryObserverChain.sessionFactoryCreated(SessionFactoryObserverChain.java:35)
	at org.hibernate.internal.SessionFactoryImpl.<init>(SessionFactoryImpl.java:322)
	at org.hibernate.boot.internal.SessionFactoryBuilderImpl.build(SessionFactoryBuilderImpl.java:457)
	at org.hibernate.jpa.boot.internal.EntityManagerFactoryBuilderImpl.build(EntityManagerFactoryBuilderImpl.java:1506)
	at org.springframework.orm.jpa.vendor.SpringHibernateJpaPersistenceProvider.createContainerEntityManagerFactory(SpringHibernateJpaPersistenceProvider.java:75)
	at org.springframework.orm.jpa.LocalContainerEntityManagerFactoryBean.createNativeEntityManagerFactory(LocalContainerEntityManagerFactoryBean.java:390)
	at org.springframework.orm.jpa.AbstractEntityManagerFactoryBean.buildNativeEntityManagerFactory(AbstractEntityManagerFactoryBean.java:409)
	at org.springframework.orm.jpa.AbstractEntityManagerFactoryBean.afterPropertiesSet(AbstractEntityManagerFactoryBean.java:396)
	at org.springframework.orm.jpa.LocalContainerEntityManagerFactoryBean.afterPropertiesSet(LocalContainerEntityManagerFactoryBean.java:366)
	at org.springframework.beans.factory.support.AbstractAutowireCapableBeanFactory.invokeInitMethods(AbstractAutowireCapableBeanFactory.java:1835)
	at org.springframework.beans.factory.support.AbstractAutowireCapableBeanFactory.initializeBean(AbstractAutowireCapableBeanFactory.java:1784)
	at org.springframework.beans.factory.support.AbstractAutowireCapableBeanFactory.doCreateBean(AbstractAutowireCapableBeanFactory.java:600)
	at org.springframework.beans.factory.support.AbstractAutowireCapableBeanFactory.createBean(AbstractAutowireCapableBeanFactory.java:522)
	at org.springframework.beans.factory.support.AbstractBeanFactory.lambda$doGetBean$0(AbstractBeanFactory.java:337)
	at org.springframework.beans.factory.support.DefaultSingletonBeanRegistry.getSingleton(DefaultSingletonBeanRegistry.java:234)
	at org.springframework.beans.factory.support.AbstractBeanFactory.doGetBean(AbstractBeanFactory.java:335)
	at org.springframework.beans.factory.support.AbstractBeanFactory.getBean(AbstractBeanFactory.java:205)
	at org.springframework.context.support.AbstractApplicationContext.finishBeanFactoryInitialization(AbstractApplicationContext.java:952)
	at org.springframework.context.support.AbstractApplicationContext.refresh(AbstractApplicationContext.java:624)
	at org.springframework.boot.web.servlet.context.ServletWebServerApplicationContext.refresh(ServletWebServerApplicationContext.java:146)
	at org.springframework.boot.SpringApplication.refresh(SpringApplication.java:754)
	at org.springframework.boot.SpringApplication.refreshContext(SpringApplication.java:456)
	at org.springframework.boot.SpringApplication.run(SpringApplication.java:335)
	at org.springframework.boot.SpringApplication.run(SpringApplication.java:1363)
	at org.springframework.boot.SpringApplication.run(SpringApplication.java:1352)
	at com.example.demo.DemoApplication.main(DemoApplication.java:18)
	at java.base/jdk.internal.reflect.NativeMethodAccessorImpl.invoke0(Native Method)
	at java.base/jdk.internal.reflect.NativeMethodAccessorImpl.invoke(NativeMethodAccessorImpl.java:77)
	at java.base/jdk.internal.reflect.DelegatingMethodAccessorImpl.invoke(DelegatingMethodAccessorImpl.java:43)
	at java.base/java.lang.reflect.Method.invoke(Method.java:568)
	at org.springframework.boot.devtools.restart.RestartLauncher.run(RestartLauncher.java:50)
Caused by: java.sql.SQLException: Referencing column 'doc_id' and referenced column 'id' in foreign key constraint 'FKcsxkcj2mvv8ddtcwhvsreoeun' are incompatible.
	at com.mysql.cj.jdbc.exceptions.SQLError.createSQLException(SQLError.java:130)
	at com.mysql.cj.jdbc.exceptions.SQLExceptionsMapping.translateException(SQLExceptionsMapping.java:122)
	at com.mysql.cj.jdbc.StatementImpl.executeInternal(StatementImpl.java:770)
	at com.mysql.cj.jdbc.StatementImpl.execute(StatementImpl.java:653)
	at com.zaxxer.hikari.pool.ProxyStatement.execute(ProxyStatement.java:94)
	at com.zaxxer.hikari.pool.HikariProxyStatement.execute(HikariProxyStatement.java)
	at org.hibernate.tool.schema.internal.exec.GenerationTargetToDatabase.accept(GenerationTargetToDatabase.java:80)
	... 42 common frames omitted
org.springframework.orm.jpa.LocalContainerEntityManagerFactoryBean-[INFO]- 2024-07-03 23:38:07,972-Initialized JPA EntityManagerFactory for persistence unit 'default'-
org.springframework.data.jpa.repository.query.QueryEnhancerFactory-[INFO]- 2024-07-03 23:38:08,249-Hibernate is in classpath; If applicable, HQL parser will be used.-
org.springframework.boot.autoconfigure.orm.jpa.JpaBaseConfiguration$JpaWebConfiguration-[WARN]- 2024-07-03 23:38:08,610-spring.jpa.open-in-view is enabled by default. Therefore, database queries may be performed during view rendering. Explicitly configure spring.jpa.open-in-view to disable this warning-
org.springframework.boot.devtools.autoconfigure.OptionalLiveReloadServer-[WARN]- 2024-07-03 23:38:09,812-Unable to start LiveReload server-
org.springframework.boot.actuate.endpoint.web.EndpointLinksResolver-[INFO]- 2024-07-03 23:38:09,951-Exposing 1 endpoint beneath base path '/actuator'-
org.springframework.boot.web.embedded.tomcat.TomcatWebServer-[INFO]- 2024-07-03 23:38:10,075-Tomcat started on port 6200 (http) with context path '/'-
com.example.demo.DemoApplication-[INFO]- 2024-07-03 23:38:10,198-Started DemoApplication in 7.18 seconds (process running for 7.823)-
org.apache.catalina.core.ContainerBase.[Tomcat].[localhost].[/]-[INFO]- 2024-07-03 23:38:10,855-Initializing Spring DispatcherServlet 'dispatcherServlet'-
org.springframework.web.servlet.DispatcherServlet-[INFO]- 2024-07-03 23:38:10,855-Initializing Servlet 'dispatcherServlet'-
org.springframework.web.servlet.DispatcherServlet-[INFO]- 2024-07-03 23:38:10,857-Completed initialization in 2 ms-
com.example.demo.service.PatientService-[INFO]- 2024-07-03 23:38:46,182-Fetching all patients...-
org.springframework.boot.admin.SpringApplicationAdminMXBeanRegistrar$SpringApplicationAdmin-[INFO]- 2024-07-03 23:39:19,436-Application shutdown requested.-
org.springframework.orm.jpa.LocalContainerEntityManagerFactoryBean-[INFO]- 2024-07-03 23:39:19,559-Closing JPA EntityManagerFactory for persistence unit 'default'-
com.zaxxer.hikari.HikariDataSource-[INFO]- 2024-07-03 23:39:19,562-HikariPool-1 - Shutdown initiated...-
com.zaxxer.hikari.HikariDataSource-[INFO]- 2024-07-03 23:39:19,572-HikariPool-1 - Shutdown completed.-
com.example.demo.DemoApplication-[INFO]- 2024-07-03 23:39:21,800-Starting DemoApplication using Java 17.0.11 with PID 20956 (C:\Users\chtan\Downloads\Clinic-management-system\patient-service\target\classes started by chtan in C:\Users\chtan\Downloads\Clinic-management-system\patient-service)-
com.example.demo.DemoApplication-[INFO]- 2024-07-03 23:39:21,803-No active profile set, falling back to 1 default profile: "default"-
org.springframework.boot.devtools.env.DevToolsPropertyDefaultsPostProcessor-[INFO]- 2024-07-03 23:39:21,851-Devtools property defaults active! Set 'spring.devtools.add-properties' to 'false' to disable-
org.springframework.boot.devtools.env.DevToolsPropertyDefaultsPostProcessor-[INFO]- 2024-07-03 23:39:21,851-For additional web related logging consider setting the 'logging.level.web' property to 'DEBUG'-
org.springframework.data.repository.config.RepositoryConfigurationDelegate-[INFO]- 2024-07-03 23:39:22,635-Bootstrapping Spring Data JPA repositories in DEFAULT mode.-
org.springframework.data.repository.config.RepositoryConfigurationDelegate-[INFO]- 2024-07-03 23:39:22,686-Finished Spring Data repository scanning in 40 ms. Found 1 JPA repository interface.-
org.springframework.cloud.context.scope.GenericScope-[INFO]- 2024-07-03 23:39:22,887-BeanFactory id=3002da11-f627-3d89-b7ed-94aea73f4d50-
org.springframework.boot.web.embedded.tomcat.TomcatWebServer-[INFO]- 2024-07-03 23:39:23,466-Tomcat initialized with port 6200 (http)-
org.apache.catalina.core.StandardService-[INFO]- 2024-07-03 23:39:23,475-Starting service [Tomcat]-
org.apache.catalina.core.StandardEngine-[INFO]- 2024-07-03 23:39:23,475-Starting Servlet engine: [Apache Tomcat/10.1.25]-
org.apache.catalina.core.ContainerBase.[Tomcat].[localhost].[/]-[INFO]- 2024-07-03 23:39:23,523-Initializing Spring embedded WebApplicationContext-
org.springframework.boot.web.servlet.context.ServletWebServerApplicationContext-[INFO]- 2024-07-03 23:39:23,523-Root WebApplicationContext: initialization completed in 1671 ms-
org.hibernate.jpa.internal.util.LogHelper-[INFO]- 2024-07-03 23:39:23,875-HHH000204: Processing PersistenceUnitInfo [name: default]-
org.hibernate.Version-[INFO]- 2024-07-03 23:39:23,935-HHH000412: Hibernate ORM core version 6.5.2.Final-
org.hibernate.cache.internal.RegionFactoryInitiator-[INFO]- 2024-07-03 23:39:23,976-HHH000026: Second-level cache disabled-
org.springframework.orm.jpa.persistenceunit.SpringPersistenceUnitInfo-[INFO]- 2024-07-03 23:39:24,224-No LoadTimeWeaver setup: ignoring JPA class transformer-
com.zaxxer.hikari.HikariDataSource-[INFO]- 2024-07-03 23:39:24,248-HikariPool-1 - Starting...-
com.zaxxer.hikari.pool.HikariPool-[INFO]- 2024-07-03 23:39:24,473-HikariPool-1 - Added connection com.mysql.cj.jdbc.ConnectionImpl@236aa674-
com.zaxxer.hikari.HikariDataSource-[INFO]- 2024-07-03 23:39:24,475-HikariPool-1 - Start completed.-
org.hibernate.engine.transaction.jta.platform.internal.JtaPlatformInitiator-[INFO]- 2024-07-03 23:39:25,297-HHH000489: No JTA platform available (set 'hibernate.transaction.jta.platform' to enable JTA platform integration)-
org.hibernate.tool.schema.internal.ExceptionHandlerLoggedImpl-[WARN]- 2024-07-03 23:39:25,345-GenerationTarget encountered exception accepting command : Error executing DDL "alter table patient modify column doc_id integer not null" via JDBC [Referencing column 'doc_id' and referenced column 'id' in foreign key constraint 'FKcsxkcj2mvv8ddtcwhvsreoeun' are incompatible.]-
org.hibernate.tool.schema.spi.CommandAcceptanceException: Error executing DDL "alter table patient modify column doc_id integer not null" via JDBC [Referencing column 'doc_id' and referenced column 'id' in foreign key constraint 'FKcsxkcj2mvv8ddtcwhvsreoeun' are incompatible.]
	at org.hibernate.tool.schema.internal.exec.GenerationTargetToDatabase.accept(GenerationTargetToDatabase.java:94)
	at org.hibernate.tool.schema.internal.AbstractSchemaMigrator.applySqlString(AbstractSchemaMigrator.java:575)
	at org.hibernate.tool.schema.internal.AbstractSchemaMigrator.applySqlStrings(AbstractSchemaMigrator.java:515)
	at org.hibernate.tool.schema.internal.AbstractSchemaMigrator.migrateTable(AbstractSchemaMigrator.java:333)
	at org.hibernate.tool.schema.internal.GroupedSchemaMigratorImpl.performTablesMigration(GroupedSchemaMigratorImpl.java:84)
	at org.hibernate.tool.schema.internal.AbstractSchemaMigrator.performMigration(AbstractSchemaMigrator.java:232)
	at org.hibernate.tool.schema.internal.AbstractSchemaMigrator.doMigration(AbstractSchemaMigrator.java:117)
	at org.hibernate.tool.schema.spi.SchemaManagementToolCoordinator.performDatabaseAction(SchemaManagementToolCoordinator.java:280)
	at org.hibernate.tool.schema.spi.SchemaManagementToolCoordinator.lambda$process$5(SchemaManagementToolCoordinator.java:144)
	at java.base/java.util.HashMap.forEach(HashMap.java:1421)
	at org.hibernate.tool.schema.spi.SchemaManagementToolCoordinator.process(SchemaManagementToolCoordinator.java:141)
	at org.hibernate.boot.internal.SessionFactoryObserverForSchemaExport.sessionFactoryCreated(SessionFactoryObserverForSchemaExport.java:37)
	at org.hibernate.internal.SessionFactoryObserverChain.sessionFactoryCreated(SessionFactoryObserverChain.java:35)
	at org.hibernate.internal.SessionFactoryImpl.<init>(SessionFactoryImpl.java:322)
	at org.hibernate.boot.internal.SessionFactoryBuilderImpl.build(SessionFactoryBuilderImpl.java:457)
	at org.hibernate.jpa.boot.internal.EntityManagerFactoryBuilderImpl.build(EntityManagerFactoryBuilderImpl.java:1506)
	at org.springframework.orm.jpa.vendor.SpringHibernateJpaPersistenceProvider.createContainerEntityManagerFactory(SpringHibernateJpaPersistenceProvider.java:75)
	at org.springframework.orm.jpa.LocalContainerEntityManagerFactoryBean.createNativeEntityManagerFactory(LocalContainerEntityManagerFactoryBean.java:390)
	at org.springframework.orm.jpa.AbstractEntityManagerFactoryBean.buildNativeEntityManagerFactory(AbstractEntityManagerFactoryBean.java:409)
	at org.springframework.orm.jpa.AbstractEntityManagerFactoryBean.afterPropertiesSet(AbstractEntityManagerFactoryBean.java:396)
	at org.springframework.orm.jpa.LocalContainerEntityManagerFactoryBean.afterPropertiesSet(LocalContainerEntityManagerFactoryBean.java:366)
	at org.springframework.beans.factory.support.AbstractAutowireCapableBeanFactory.invokeInitMethods(AbstractAutowireCapableBeanFactory.java:1835)
	at org.springframework.beans.factory.support.AbstractAutowireCapableBeanFactory.initializeBean(AbstractAutowireCapableBeanFactory.java:1784)
	at org.springframework.beans.factory.support.AbstractAutowireCapableBeanFactory.doCreateBean(AbstractAutowireCapableBeanFactory.java:600)
	at org.springframework.beans.factory.support.AbstractAutowireCapableBeanFactory.createBean(AbstractAutowireCapableBeanFactory.java:522)
	at org.springframework.beans.factory.support.AbstractBeanFactory.lambda$doGetBean$0(AbstractBeanFactory.java:337)
	at org.springframework.beans.factory.support.DefaultSingletonBeanRegistry.getSingleton(DefaultSingletonBeanRegistry.java:234)
	at org.springframework.beans.factory.support.AbstractBeanFactory.doGetBean(AbstractBeanFactory.java:335)
	at org.springframework.beans.factory.support.AbstractBeanFactory.getBean(AbstractBeanFactory.java:205)
	at org.springframework.context.support.AbstractApplicationContext.finishBeanFactoryInitialization(AbstractApplicationContext.java:952)
	at org.springframework.context.support.AbstractApplicationContext.refresh(AbstractApplicationContext.java:624)
	at org.springframework.boot.web.servlet.context.ServletWebServerApplicationContext.refresh(ServletWebServerApplicationContext.java:146)
	at org.springframework.boot.SpringApplication.refresh(SpringApplication.java:754)
	at org.springframework.boot.SpringApplication.refreshContext(SpringApplication.java:456)
	at org.springframework.boot.SpringApplication.run(SpringApplication.java:335)
	at org.springframework.boot.SpringApplication.run(SpringApplication.java:1363)
	at org.springframework.boot.SpringApplication.run(SpringApplication.java:1352)
	at com.example.demo.DemoApplication.main(DemoApplication.java:18)
	at java.base/jdk.internal.reflect.NativeMethodAccessorImpl.invoke0(Native Method)
	at java.base/jdk.internal.reflect.NativeMethodAccessorImpl.invoke(NativeMethodAccessorImpl.java:77)
	at java.base/jdk.internal.reflect.DelegatingMethodAccessorImpl.invoke(DelegatingMethodAccessorImpl.java:43)
	at java.base/java.lang.reflect.Method.invoke(Method.java:568)
	at org.springframework.boot.devtools.restart.RestartLauncher.run(RestartLauncher.java:50)
Caused by: java.sql.SQLException: Referencing column 'doc_id' and referenced column 'id' in foreign key constraint 'FKcsxkcj2mvv8ddtcwhvsreoeun' are incompatible.
	at com.mysql.cj.jdbc.exceptions.SQLError.createSQLException(SQLError.java:130)
	at com.mysql.cj.jdbc.exceptions.SQLExceptionsMapping.translateException(SQLExceptionsMapping.java:122)
	at com.mysql.cj.jdbc.StatementImpl.executeInternal(StatementImpl.java:770)
	at com.mysql.cj.jdbc.StatementImpl.execute(StatementImpl.java:653)
	at com.zaxxer.hikari.pool.ProxyStatement.execute(ProxyStatement.java:94)
	at com.zaxxer.hikari.pool.HikariProxyStatement.execute(HikariProxyStatement.java)
	at org.hibernate.tool.schema.internal.exec.GenerationTargetToDatabase.accept(GenerationTargetToDatabase.java:80)
	... 42 common frames omitted
org.springframework.orm.jpa.LocalContainerEntityManagerFactoryBean-[INFO]- 2024-07-03 23:39:25,349-Initialized JPA EntityManagerFactory for persistence unit 'default'-
org.springframework.data.jpa.repository.query.QueryEnhancerFactory-[INFO]- 2024-07-03 23:39:25,603-Hibernate is in classpath; If applicable, HQL parser will be used.-
org.springframework.boot.autoconfigure.orm.jpa.JpaBaseConfiguration$JpaWebConfiguration-[WARN]- 2024-07-03 23:39:25,996-spring.jpa.open-in-view is enabled by default. Therefore, database queries may be performed during view rendering. Explicitly configure spring.jpa.open-in-view to disable this warning-
org.springframework.boot.devtools.autoconfigure.OptionalLiveReloadServer-[WARN]- 2024-07-03 23:39:27,074-Unable to start LiveReload server-
org.springframework.boot.actuate.endpoint.web.EndpointLinksResolver-[INFO]- 2024-07-03 23:39:27,222-Exposing 1 endpoint beneath base path '/actuator'-
org.springframework.boot.web.embedded.tomcat.TomcatWebServer-[INFO]- 2024-07-03 23:39:27,303-Tomcat started on port 6200 (http) with context path '/'-
com.example.demo.DemoApplication-[INFO]- 2024-07-03 23:39:27,391-Started DemoApplication in 6.012 seconds (process running for 6.517)-
org.apache.catalina.core.ContainerBase.[Tomcat].[localhost].[/]-[INFO]- 2024-07-03 23:39:27,807-Initializing Spring DispatcherServlet 'dispatcherServlet'-
org.springframework.web.servlet.DispatcherServlet-[INFO]- 2024-07-03 23:39:27,807-Initializing Servlet 'dispatcherServlet'-
org.springframework.web.servlet.DispatcherServlet-[INFO]- 2024-07-03 23:39:27,809-Completed initialization in 1 ms-
org.springframework.boot.devtools.autoconfigure.LocalDevToolsAutoConfiguration$RestartingClassPathChangeChangedEventListener-[INFO]- 2024-07-03 23:43:23,274-Restarting due to 1 class path change (0 additions, 0 deletions, 1 modification)-
org.springframework.orm.jpa.LocalContainerEntityManagerFactoryBean-[INFO]- 2024-07-03 23:43:23,396-Closing JPA EntityManagerFactory for persistence unit 'default'-
com.zaxxer.hikari.HikariDataSource-[INFO]- 2024-07-03 23:43:23,398-HikariPool-1 - Shutdown initiated...-
com.zaxxer.hikari.HikariDataSource-[INFO]- 2024-07-03 23:43:23,407-HikariPool-1 - Shutdown completed.-
com.example.demo.DemoApplication-[INFO]- 2024-07-03 23:43:23,540-Starting DemoApplication using Java 17.0.11 with PID 20956 (C:\Users\chtan\Downloads\Clinic-management-system\patient-service\target\classes started by chtan in C:\Users\chtan\Downloads\Clinic-management-system\patient-service)-
com.example.demo.DemoApplication-[INFO]- 2024-07-03 23:43:23,540-No active profile set, falling back to 1 default profile: "default"-
org.springframework.data.repository.config.RepositoryConfigurationDelegate-[INFO]- 2024-07-03 23:43:23,757-Bootstrapping Spring Data JPA repositories in DEFAULT mode.-
org.springframework.data.repository.config.RepositoryConfigurationDelegate-[INFO]- 2024-07-03 23:43:23,763-Finished Spring Data repository scanning in 5 ms. Found 1 JPA repository interface.-
org.springframework.cloud.context.scope.GenericScope-[INFO]- 2024-07-03 23:43:23,794-BeanFactory id=3002da11-f627-3d89-b7ed-94aea73f4d50-
org.springframework.boot.web.embedded.tomcat.TomcatWebServer-[INFO]- 2024-07-03 23:43:23,923-Tomcat initialized with port 6200 (http)-
org.apache.catalina.core.StandardService-[INFO]- 2024-07-03 23:43:23,924-Starting service [Tomcat]-
org.apache.catalina.core.StandardEngine-[INFO]- 2024-07-03 23:43:23,924-Starting Servlet engine: [Apache Tomcat/10.1.25]-
org.apache.catalina.core.ContainerBase.[Tomcat].[localhost].[/]-[INFO]- 2024-07-03 23:43:23,942-Initializing Spring embedded WebApplicationContext-
org.springframework.boot.web.servlet.context.ServletWebServerApplicationContext-[INFO]- 2024-07-03 23:43:23,942-Root WebApplicationContext: initialization completed in 399 ms-
org.hibernate.jpa.internal.util.LogHelper-[INFO]- 2024-07-03 23:43:24,078-HHH000204: Processing PersistenceUnitInfo [name: default]-
org.hibernate.cache.internal.RegionFactoryInitiator-[INFO]- 2024-07-03 23:43:24,080-HHH000026: Second-level cache disabled-
org.springframework.orm.jpa.persistenceunit.SpringPersistenceUnitInfo-[INFO]- 2024-07-03 23:43:24,088-No LoadTimeWeaver setup: ignoring JPA class transformer-
com.zaxxer.hikari.HikariDataSource-[INFO]- 2024-07-03 23:43:24,089-HikariPool-2 - Starting...-
com.zaxxer.hikari.pool.HikariPool-[INFO]- 2024-07-03 23:43:24,105-HikariPool-2 - Added connection com.mysql.cj.jdbc.ConnectionImpl@6a6c3660-
com.zaxxer.hikari.HikariDataSource-[INFO]- 2024-07-03 23:43:24,105-HikariPool-2 - Start completed.-
org.hibernate.engine.transaction.jta.platform.internal.JtaPlatformInitiator-[INFO]- 2024-07-03 23:43:24,134-HHH000489: No JTA platform available (set 'hibernate.transaction.jta.platform' to enable JTA platform integration)-
org.springframework.orm.jpa.LocalContainerEntityManagerFactoryBean-[INFO]- 2024-07-03 23:43:24,145-Initialized JPA EntityManagerFactory for persistence unit 'default'-
org.springframework.boot.autoconfigure.orm.jpa.JpaBaseConfiguration$JpaWebConfiguration-[WARN]- 2024-07-03 23:43:24,297-spring.jpa.open-in-view is enabled by default. Therefore, database queries may be performed during view rendering. Explicitly configure spring.jpa.open-in-view to disable this warning-
org.springframework.boot.devtools.autoconfigure.OptionalLiveReloadServer-[WARN]- 2024-07-03 23:43:25,048-Unable to start LiveReload server-
org.springframework.boot.actuate.endpoint.web.EndpointLinksResolver-[INFO]- 2024-07-03 23:43:25,157-Exposing 1 endpoint beneath base path '/actuator'-
org.springframework.boot.web.embedded.tomcat.TomcatWebServer-[INFO]- 2024-07-03 23:43:25,191-Tomcat started on port 6200 (http) with context path '/'-
com.example.demo.DemoApplication-[INFO]- 2024-07-03 23:43:25,255-Started DemoApplication in 1.793 seconds (process running for 244.381)-
org.springframework.boot.devtools.autoconfigure.ConditionEvaluationDeltaLoggingListener-[INFO]- 2024-07-03 23:43:25,258-Condition evaluation unchanged-
org.springframework.boot.admin.SpringApplicationAdminMXBeanRegistrar$SpringApplicationAdmin-[INFO]- 2024-07-03 23:43:26,858-Application shutdown requested.-
org.springframework.orm.jpa.LocalContainerEntityManagerFactoryBean-[INFO]- 2024-07-03 23:43:27,012-Closing JPA EntityManagerFactory for persistence unit 'default'-
com.zaxxer.hikari.HikariDataSource-[INFO]- 2024-07-03 23:43:27,012-HikariPool-2 - Shutdown initiated...-
com.zaxxer.hikari.HikariDataSource-[INFO]- 2024-07-03 23:43:27,017-HikariPool-2 - Shutdown completed.-
com.example.demo.DemoApplication-[INFO]- 2024-07-03 23:43:29,206-Starting DemoApplication using Java 17.0.11 with PID 9160 (C:\Users\chtan\Downloads\Clinic-management-system\patient-service\target\classes started by chtan in C:\Users\chtan\Downloads\Clinic-management-system\patient-service)-
com.example.demo.DemoApplication-[INFO]- 2024-07-03 23:43:29,208-No active profile set, falling back to 1 default profile: "default"-
org.springframework.boot.devtools.env.DevToolsPropertyDefaultsPostProcessor-[INFO]- 2024-07-03 23:43:29,248-Devtools property defaults active! Set 'spring.devtools.add-properties' to 'false' to disable-
org.springframework.boot.devtools.env.DevToolsPropertyDefaultsPostProcessor-[INFO]- 2024-07-03 23:43:29,248-For additional web related logging consider setting the 'logging.level.web' property to 'DEBUG'-
org.springframework.data.repository.config.RepositoryConfigurationDelegate-[INFO]- 2024-07-03 23:43:29,979-Bootstrapping Spring Data JPA repositories in DEFAULT mode.-
org.springframework.data.repository.config.RepositoryConfigurationDelegate-[INFO]- 2024-07-03 23:43:30,020-Finished Spring Data repository scanning in 31 ms. Found 1 JPA repository interface.-
org.springframework.cloud.context.scope.GenericScope-[INFO]- 2024-07-03 23:43:30,205-BeanFactory id=3002da11-f627-3d89-b7ed-94aea73f4d50-
org.springframework.boot.web.embedded.tomcat.TomcatWebServer-[INFO]- 2024-07-03 23:43:30,761-Tomcat initialized with port 6200 (http)-
org.apache.catalina.core.StandardService-[INFO]- 2024-07-03 23:43:30,770-Starting service [Tomcat]-
org.apache.catalina.core.StandardEngine-[INFO]- 2024-07-03 23:43:30,770-Starting Servlet engine: [Apache Tomcat/10.1.25]-
org.apache.catalina.core.ContainerBase.[Tomcat].[localhost].[/]-[INFO]- 2024-07-03 23:43:30,809-Initializing Spring embedded WebApplicationContext-
org.springframework.boot.web.servlet.context.ServletWebServerApplicationContext-[INFO]- 2024-07-03 23:43:30,809-Root WebApplicationContext: initialization completed in 1560 ms-
org.hibernate.jpa.internal.util.LogHelper-[INFO]- 2024-07-03 23:43:31,098-HHH000204: Processing PersistenceUnitInfo [name: default]-
org.hibernate.Version-[INFO]- 2024-07-03 23:43:31,160-HHH000412: Hibernate ORM core version 6.5.2.Final-
org.hibernate.cache.internal.RegionFactoryInitiator-[INFO]- 2024-07-03 23:43:31,197-HHH000026: Second-level cache disabled-
org.springframework.orm.jpa.persistenceunit.SpringPersistenceUnitInfo-[INFO]- 2024-07-03 23:43:31,447-No LoadTimeWeaver setup: ignoring JPA class transformer-
com.zaxxer.hikari.HikariDataSource-[INFO]- 2024-07-03 23:43:31,476-HikariPool-1 - Starting...-
com.zaxxer.hikari.pool.HikariPool-[INFO]- 2024-07-03 23:43:31,708-HikariPool-1 - Added connection com.mysql.cj.jdbc.ConnectionImpl@2b213c4c-
com.zaxxer.hikari.HikariDataSource-[INFO]- 2024-07-03 23:43:31,710-HikariPool-1 - Start completed.-
org.hibernate.engine.transaction.jta.platform.internal.JtaPlatformInitiator-[INFO]- 2024-07-03 23:43:32,449-HHH000489: No JTA platform available (set 'hibernate.transaction.jta.platform' to enable JTA platform integration)-
org.springframework.orm.jpa.LocalContainerEntityManagerFactoryBean-[INFO]- 2024-07-03 23:43:32,490-Initialized JPA EntityManagerFactory for persistence unit 'default'-
org.springframework.data.jpa.repository.query.QueryEnhancerFactory-[INFO]- 2024-07-03 23:43:32,699-Hibernate is in classpath; If applicable, HQL parser will be used.-
org.springframework.boot.autoconfigure.orm.jpa.JpaBaseConfiguration$JpaWebConfiguration-[WARN]- 2024-07-03 23:43:33,025-spring.jpa.open-in-view is enabled by default. Therefore, database queries may be performed during view rendering. Explicitly configure spring.jpa.open-in-view to disable this warning-
org.springframework.boot.devtools.autoconfigure.OptionalLiveReloadServer-[WARN]- 2024-07-03 23:43:34,013-Unable to start LiveReload server-
org.springframework.boot.actuate.endpoint.web.EndpointLinksResolver-[INFO]- 2024-07-03 23:43:34,155-Exposing 1 endpoint beneath base path '/actuator'-
org.springframework.boot.web.embedded.tomcat.TomcatWebServer-[INFO]- 2024-07-03 23:43:34,226-Tomcat started on port 6200 (http) with context path '/'-
com.example.demo.DemoApplication-[INFO]- 2024-07-03 23:43:34,316-Started DemoApplication in 5.479 seconds (process running for 5.973)-
org.apache.catalina.core.ContainerBase.[Tomcat].[localhost].[/]-[INFO]- 2024-07-03 23:43:34,738-Initializing Spring DispatcherServlet 'dispatcherServlet'-
org.springframework.web.servlet.DispatcherServlet-[INFO]- 2024-07-03 23:43:34,739-Initializing Servlet 'dispatcherServlet'-
org.springframework.web.servlet.DispatcherServlet-[INFO]- 2024-07-03 23:43:34,740-Completed initialization in 1 ms-
com.example.demo.service.PatientService-[INFO]- 2024-07-03 23:43:50,525-Fetching all patients...-
